TN:
SF:src\index.js
FN:10,createApp
FN:15,(anonymous_1)
FN:19,(anonymous_2)
FN:23,(anonymous_3)
FN:27,(anonymous_4)
FN:35,(anonymous_5)
FN:44,(anonymous_6)
FN:54,(anonymous_7)
FNF:8
FNH:7
FNDA:1,createApp
FNDA:1,(anonymous_1)
FNDA:1,(anonymous_2)
FNDA:1,(anonymous_3)
FNDA:2,(anonymous_4)
FNDA:2,(anonymous_5)
FNDA:1,(anonymous_6)
FNDA:0,(anonymous_7)
DA:1,1
DA:8,1
DA:11,1
DA:13,1
DA:15,1
DA:16,1
DA:19,1
DA:20,1
DA:23,1
DA:24,1
DA:27,1
DA:28,2
DA:29,2
DA:31,1
DA:35,1
DA:36,2
DA:37,2
DA:38,2
DA:40,1
DA:44,1
DA:45,1
DA:48,1
DA:51,1
DA:53,1
DA:54,0
DA:55,0
DA:59,1
LF:27
LH:25
BRDA:37,0,0,2
BRDA:37,0,1,0
BRDA:51,1,0,1
BRDA:51,1,1,1
BRDA:53,2,0,0
BRDA:53,2,1,1
BRF:6
BRH:4
end_of_record
TN:
SF:src\lib\ejemplo.js
FN:6,normalizarNombre
FN:11,construirSaludo
FN:20,construirEchoRespuesta
FN:31,healthPayload
FN:39,sumar
FN:48,respuestaSumaGet
FN:59,respuestaSumaPost
FNF:7
FNH:7
FNDA:6,normalizarNombre
FNDA:2,construirSaludo
FNDA:5,construirEchoRespuesta
FNDA:2,healthPayload
FNDA:10,sumar
FNDA:3,respuestaSumaGet
FNDA:3,respuestaSumaPost
DA:7,6
DA:8,6
DA:12,2
DA:13,2
DA:22,5
DA:23,5
DA:32,2
DA:40,10
DA:41,10
DA:42,10
DA:43,4
DA:45,6
DA:49,3
DA:50,2
DA:60,3
DA:61,2
DA:70,2
LF:17
LH:17
BRDA:7,0,0,3
BRDA:7,0,1,3
BRDA:7,1,0,6
BRDA:7,1,1,5
BRDA:22,2,0,2
BRDA:22,2,1,3
BRDA:22,3,0,5
BRDA:22,3,1,4
BRDA:22,3,2,3
BRDA:42,4,0,4
BRDA:42,4,1,6
BRDA:42,5,0,10
BRDA:42,5,1,7
BRF:13
BRH:13
end_of_record
